mode: set
redditclone/pkg/post/db_interface.go:21.86,23.2 1 0
redditclone/pkg/post/db_interface.go:25.123,27.2 1 0
redditclone/pkg/post/db_interface.go:29.86,31.2 1 0
redditclone/pkg/post/db_interface.go:33.97,35.2 1 0
redditclone/pkg/post/db_interface.go:37.91,39.2 1 0
redditclone/pkg/post/post.go:59.30,61.16 2 0
redditclone/pkg/post/post.go:64.2,65.16 2 0
redditclone/pkg/post/post.go:68.2,69.16 2 0
redditclone/pkg/post/post.go:72.2,78.12 5 0
redditclone/pkg/post/post.go:61.16,63.3 1 0
redditclone/pkg/post/post.go:65.16,67.3 1 0
redditclone/pkg/post/post.go:69.16,71.3 1 0
redditclone/pkg/post/post.go:81.26,83.2 1 0
redditclone/pkg/post/post.go:85.56,88.16 3 1
redditclone/pkg/post/post.go:91.2,92.16 2 1
redditclone/pkg/post/post.go:95.2,95.12 1 1
redditclone/pkg/post/post.go:88.16,90.3 1 1
redditclone/pkg/post/post.go:92.16,94.3 1 0
redditclone/pkg/post/post.go:98.63,108.16 3 1
redditclone/pkg/post/post.go:112.2,113.16 2 1
redditclone/pkg/post/post.go:116.2,116.12 1 1
redditclone/pkg/post/post.go:108.16,110.3 1 1
redditclone/pkg/post/post.go:113.16,115.3 1 0
redditclone/pkg/post/post.go:119.71,122.16 3 1
redditclone/pkg/post/post.go:125.2,130.119 6 1
redditclone/pkg/post/post.go:134.2,150.16 3 1
redditclone/pkg/post/post.go:153.2,154.16 2 1
redditclone/pkg/post/post.go:157.2,157.17 1 1
redditclone/pkg/post/post.go:122.16,124.3 1 1
redditclone/pkg/post/post.go:130.119,132.3 1 1
redditclone/pkg/post/post.go:150.16,152.3 1 0
redditclone/pkg/post/post.go:154.16,156.3 1 1
redditclone/pkg/post/post.go:160.40,161.29 1 1
redditclone/pkg/post/post.go:164.2,167.16 3 1
redditclone/pkg/post/post.go:170.2,170.27 1 1
redditclone/pkg/post/post.go:173.2,173.12 1 1
redditclone/pkg/post/post.go:161.29,163.3 1 1
redditclone/pkg/post/post.go:167.16,169.3 1 1
redditclone/pkg/post/post.go:170.27,172.3 1 1
redditclone/pkg/post/post.go:176.41,179.16 3 1
redditclone/pkg/post/post.go:183.2,184.16 2 1
redditclone/pkg/post/post.go:187.2,188.16 2 1
redditclone/pkg/post/post.go:191.2,191.17 1 1
redditclone/pkg/post/post.go:179.16,181.3 1 1
redditclone/pkg/post/post.go:184.16,186.3 1 0
redditclone/pkg/post/post.go:188.16,190.3 1 0
redditclone/pkg/post/post.go:194.67,198.16 4 1
redditclone/pkg/post/post.go:202.2,205.16 4 1
redditclone/pkg/post/post.go:208.2,209.16 2 1
redditclone/pkg/post/post.go:212.2,212.16 1 1
redditclone/pkg/post/post.go:198.16,201.3 2 1
redditclone/pkg/post/post.go:205.16,207.3 1 1
redditclone/pkg/post/post.go:209.16,211.3 1 0
redditclone/pkg/post/post.go:215.83,220.16 5 1
redditclone/pkg/post/post.go:223.2,224.16 2 1
redditclone/pkg/post/post.go:227.2,229.16 3 1
redditclone/pkg/post/post.go:232.2,232.12 1 1
redditclone/pkg/post/post.go:220.16,222.3 1 1
redditclone/pkg/post/post.go:224.16,226.3 1 1
redditclone/pkg/post/post.go:229.16,231.3 1 1
redditclone/pkg/post/post.go:235.62,240.16 5 1
redditclone/pkg/post/post.go:244.2,244.34 1 1
redditclone/pkg/post/post.go:254.2,254.85 1 1
redditclone/pkg/post/post.go:240.16,242.3 1 1
redditclone/pkg/post/post.go:244.34,245.24 1 1
redditclone/pkg/post/post.go:245.24,248.18 3 1
redditclone/pkg/post/post.go:251.4,251.14 1 1
redditclone/pkg/post/post.go:248.18,250.5 1 1
redditclone/pkg/post/post.go:257.64,262.16 5 1
redditclone/pkg/post/post.go:265.2,266.31 2 1
redditclone/pkg/post/post.go:280.2,280.10 1 1
redditclone/pkg/post/post.go:284.2,286.16 3 1
redditclone/pkg/post/post.go:289.2,289.12 1 1
redditclone/pkg/post/post.go:262.16,264.3 1 1
redditclone/pkg/post/post.go:266.31,267.25 1 1
redditclone/pkg/post/post.go:267.25,269.17 2 1
redditclone/pkg/post/post.go:274.4,277.9 4 1
redditclone/pkg/post/post.go:269.17,272.10 3 1
redditclone/pkg/post/post.go:280.10,283.3 2 1
redditclone/pkg/post/post.go:286.16,288.3 1 1
redditclone/pkg/post/post.go:292.29,294.28 2 1
redditclone/pkg/post/post.go:299.2,299.23 1 1
redditclone/pkg/post/post.go:303.2,303.50 1 1
redditclone/pkg/post/post.go:294.28,295.18 1 1
redditclone/pkg/post/post.go:295.18,297.4 1 1
redditclone/pkg/post/post.go:299.23,302.3 2 1
redditclone/pkg/post/post.go:306.59,308.16 2 1
redditclone/pkg/post/post.go:311.2,311.17 1 1
redditclone/pkg/post/post.go:308.16,310.3 1 0
redditclone/pkg/post/post.go:314.55,315.29 1 1
redditclone/pkg/post/post.go:318.2,322.31 4 1
redditclone/pkg/post/post.go:325.2,325.16 1 1
redditclone/pkg/post/post.go:328.2,328.12 1 1
redditclone/pkg/post/post.go:315.29,317.3 1 1
redditclone/pkg/post/post.go:322.31,324.3 1 1
redditclone/pkg/post/post.go:325.16,327.3 1 1
