mode: set
gitlab.com/vk-golang/lectures/03_net1/99_hw/coverage/client.go:69.80,73.19 2 1
gitlab.com/vk-golang/lectures/03_net1/99_hw/coverage/client.go:73.19,75.3 1 1
gitlab.com/vk-golang/lectures/03_net1/99_hw/coverage/client.go:76.2,76.20 1 1
gitlab.com/vk-golang/lectures/03_net1/99_hw/coverage/client.go:76.20,78.3 1 1
gitlab.com/vk-golang/lectures/03_net1/99_hw/coverage/client.go:79.2,79.20 1 1
gitlab.com/vk-golang/lectures/03_net1/99_hw/coverage/client.go:79.20,81.3 1 1
gitlab.com/vk-golang/lectures/03_net1/99_hw/coverage/client.go:84.2,96.16 10 1
gitlab.com/vk-golang/lectures/03_net1/99_hw/coverage/client.go:96.16,97.54 1 1
gitlab.com/vk-golang/lectures/03_net1/99_hw/coverage/client.go:97.54,99.4 1 1
gitlab.com/vk-golang/lectures/03_net1/99_hw/coverage/client.go:100.3,100.50 1 1
gitlab.com/vk-golang/lectures/03_net1/99_hw/coverage/client.go:102.2,105.25 3 1
gitlab.com/vk-golang/lectures/03_net1/99_hw/coverage/client.go:106.31,107.44 1 1
gitlab.com/vk-golang/lectures/03_net1/99_hw/coverage/client.go:108.38,109.53 1 1
gitlab.com/vk-golang/lectures/03_net1/99_hw/coverage/client.go:110.29,113.17 3 1
gitlab.com/vk-golang/lectures/03_net1/99_hw/coverage/client.go:113.17,115.4 1 1
gitlab.com/vk-golang/lectures/03_net1/99_hw/coverage/client.go:116.3,116.42 1 1
gitlab.com/vk-golang/lectures/03_net1/99_hw/coverage/client.go:116.42,118.4 1 1
gitlab.com/vk-golang/lectures/03_net1/99_hw/coverage/client.go:119.3,119.73 1 1
gitlab.com/vk-golang/lectures/03_net1/99_hw/coverage/client.go:122.2,124.16 3 1
gitlab.com/vk-golang/lectures/03_net1/99_hw/coverage/client.go:124.16,126.3 1 1
gitlab.com/vk-golang/lectures/03_net1/99_hw/coverage/client.go:128.2,129.28 2 1
gitlab.com/vk-golang/lectures/03_net1/99_hw/coverage/client.go:129.28,132.3 2 1
gitlab.com/vk-golang/lectures/03_net1/99_hw/coverage/client.go:132.8,134.3 1 1
gitlab.com/vk-golang/lectures/03_net1/99_hw/coverage/client.go:136.2,136.21 1 1
gitlab.com/vk-golang/lectures/03_net1/99_hw/coverage/server.go:42.41,45.16 2 1
gitlab.com/vk-golang/lectures/03_net1/99_hw/coverage/server.go:45.16,47.3 1 1
gitlab.com/vk-golang/lectures/03_net1/99_hw/coverage/server.go:48.2,50.16 3 1
gitlab.com/vk-golang/lectures/03_net1/99_hw/coverage/server.go:50.16,52.3 1 1
gitlab.com/vk-golang/lectures/03_net1/99_hw/coverage/server.go:53.2,53.22 1 1
gitlab.com/vk-golang/lectures/03_net1/99_hw/coverage/server.go:61.33,63.2 1 1
gitlab.com/vk-golang/lectures/03_net1/99_hw/coverage/server.go:65.34,67.2 1 1
gitlab.com/vk-golang/lectures/03_net1/99_hw/coverage/server.go:69.60,72.16 3 1
gitlab.com/vk-golang/lectures/03_net1/99_hw/coverage/server.go:72.16,74.3 1 1
gitlab.com/vk-golang/lectures/03_net1/99_hw/coverage/server.go:75.2,76.16 2 1
gitlab.com/vk-golang/lectures/03_net1/99_hw/coverage/server.go:76.16,78.3 1 1
gitlab.com/vk-golang/lectures/03_net1/99_hw/coverage/server.go:80.2,84.16 4 1
gitlab.com/vk-golang/lectures/03_net1/99_hw/coverage/server.go:84.16,86.3 1 1
gitlab.com/vk-golang/lectures/03_net1/99_hw/coverage/server.go:88.2,88.12 1 1
gitlab.com/vk-golang/lectures/03_net1/99_hw/coverage/server.go:91.62,93.34 2 1
gitlab.com/vk-golang/lectures/03_net1/99_hw/coverage/server.go:93.34,94.101 1 1
gitlab.com/vk-golang/lectures/03_net1/99_hw/coverage/server.go:94.101,96.4 1 1
gitlab.com/vk-golang/lectures/03_net1/99_hw/coverage/server.go:98.2,98.12 1 1
gitlab.com/vk-golang/lectures/03_net1/99_hw/coverage/server.go:101.39,103.34 2 1
gitlab.com/vk-golang/lectures/03_net1/99_hw/coverage/server.go:103.34,109.3 5 1
gitlab.com/vk-golang/lectures/03_net1/99_hw/coverage/server.go:110.2,110.14 1 1
gitlab.com/vk-golang/lectures/03_net1/99_hw/coverage/server.go:113.65,114.28 1 1
gitlab.com/vk-golang/lectures/03_net1/99_hw/coverage/server.go:114.28,116.3 1 1
gitlab.com/vk-golang/lectures/03_net1/99_hw/coverage/server.go:118.2,118.53 1 1
gitlab.com/vk-golang/lectures/03_net1/99_hw/coverage/server.go:118.53,120.3 1 1
gitlab.com/vk-golang/lectures/03_net1/99_hw/coverage/server.go:122.2,122.9 1 1
gitlab.com/vk-golang/lectures/03_net1/99_hw/coverage/server.go:123.48,124.41 1 1
gitlab.com/vk-golang/lectures/03_net1/99_hw/coverage/server.go:124.41,125.48 1 1
gitlab.com/vk-golang/lectures/03_net1/99_hw/coverage/server.go:125.48,127.5 1 1
gitlab.com/vk-golang/lectures/03_net1/99_hw/coverage/server.go:128.4,128.44 1 1
gitlab.com/vk-golang/lectures/03_net1/99_hw/coverage/server.go:128.44,129.45 1 1
gitlab.com/vk-golang/lectures/03_net1/99_hw/coverage/server.go:129.45,131.6 1 1
gitlab.com/vk-golang/lectures/03_net1/99_hw/coverage/server.go:133.4,133.16 1 1
gitlab.com/vk-golang/lectures/03_net1/99_hw/coverage/server.go:136.27,137.41 1 1
gitlab.com/vk-golang/lectures/03_net1/99_hw/coverage/server.go:137.41,139.4 1 1
gitlab.com/vk-golang/lectures/03_net1/99_hw/coverage/server.go:141.26,142.41 1 1
gitlab.com/vk-golang/lectures/03_net1/99_hw/coverage/server.go:142.41,144.4 1 1
gitlab.com/vk-golang/lectures/03_net1/99_hw/coverage/server.go:145.10,146.39 1 1
gitlab.com/vk-golang/lectures/03_net1/99_hw/coverage/server.go:149.2,149.12 1 1
gitlab.com/vk-golang/lectures/03_net1/99_hw/coverage/server.go:153.59,155.22 2 1
gitlab.com/vk-golang/lectures/03_net1/99_hw/coverage/server.go:155.22,158.3 2 1
gitlab.com/vk-golang/lectures/03_net1/99_hw/coverage/server.go:160.2,164.16 4 1
gitlab.com/vk-golang/lectures/03_net1/99_hw/coverage/server.go:164.16,167.3 2 1
gitlab.com/vk-golang/lectures/03_net1/99_hw/coverage/server.go:169.2,170.16 2 1
gitlab.com/vk-golang/lectures/03_net1/99_hw/coverage/server.go:170.16,173.3 2 1
gitlab.com/vk-golang/lectures/03_net1/99_hw/coverage/server.go:175.2,179.16 4 1
gitlab.com/vk-golang/lectures/03_net1/99_hw/coverage/server.go:179.16,182.3 2 1
gitlab.com/vk-golang/lectures/03_net1/99_hw/coverage/server.go:183.2,184.30 2 1
gitlab.com/vk-golang/lectures/03_net1/99_hw/coverage/server.go:184.30,186.3 1 1
gitlab.com/vk-golang/lectures/03_net1/99_hw/coverage/server.go:188.2,189.16 2 1
gitlab.com/vk-golang/lectures/03_net1/99_hw/coverage/server.go:189.16,191.3 1 0
gitlab.com/vk-golang/lectures/03_net1/99_hw/coverage/server.go:192.2,193.16 2 1
gitlab.com/vk-golang/lectures/03_net1/99_hw/coverage/server.go:193.16,195.3 1 0
