mode: set
redditclone/pkg/handlers/handlers.go:25.28,28.16 3 0
redditclone/pkg/handlers/handlers.go:31.2,33.16 3 0
redditclone/pkg/handlers/handlers.go:36.2,38.12 3 0
redditclone/pkg/handlers/handlers.go:28.16,30.3 1 0
redditclone/pkg/handlers/handlers.go:33.16,35.3 1 0
redditclone/pkg/handlers/handlers.go:41.25,44.2 2 0
redditclone/pkg/handlers/handlers.go:46.62,47.9 1 1
redditclone/pkg/handlers/handlers.go:60.2,60.25 1 1
redditclone/pkg/handlers/handlers.go:48.49,49.83 1 1
redditclone/pkg/handlers/handlers.go:50.46,51.71 1 1
redditclone/pkg/handlers/handlers.go:52.46,54.29 2 1
redditclone/pkg/handlers/handlers.go:54.29,56.4 1 1
redditclone/pkg/handlers/handlers.go:56.9,58.4 1 1
redditclone/pkg/handlers/handlers.go:63.56,65.16 2 1
redditclone/pkg/handlers/handlers.go:65.16,67.3 1 0
redditclone/pkg/handlers/handlers.go:70.62,72.16 2 1
redditclone/pkg/handlers/handlers.go:76.2,79.16 3 1
redditclone/pkg/handlers/handlers.go:83.2,83.60 1 1
redditclone/pkg/handlers/handlers.go:72.16,75.3 2 1
redditclone/pkg/handlers/handlers.go:79.16,82.3 2 1
redditclone/pkg/handlers/handlers.go:86.63,89.16 3 1
redditclone/pkg/handlers/handlers.go:94.2,96.38 3 1
redditclone/pkg/handlers/handlers.go:102.2,103.16 2 1
redditclone/pkg/handlers/handlers.go:108.2,108.32 1 1
redditclone/pkg/handlers/handlers.go:114.2,115.16 2 1
redditclone/pkg/handlers/handlers.go:119.2,120.60 2 1
redditclone/pkg/handlers/handlers.go:89.16,92.3 2 1
redditclone/pkg/handlers/handlers.go:96.38,100.3 3 1
redditclone/pkg/handlers/handlers.go:103.16,106.3 2 1
redditclone/pkg/handlers/handlers.go:108.32,112.3 3 1
redditclone/pkg/handlers/handlers.go:115.16,118.3 2 1
redditclone/pkg/handlers/handlers.go:123.65,125.9 2 1
redditclone/pkg/handlers/handlers.go:129.2,131.16 2 1
redditclone/pkg/handlers/handlers.go:135.2,136.18 2 1
redditclone/pkg/handlers/handlers.go:125.9,128.3 2 1
redditclone/pkg/handlers/handlers.go:131.16,134.3 2 1
redditclone/pkg/handlers/handlers.go:139.60,141.16 2 1
redditclone/pkg/handlers/handlers.go:145.2,146.19 2 1
redditclone/pkg/handlers/handlers.go:141.16,144.3 2 1
redditclone/pkg/handlers/handlers.go:149.62,153.16 4 1
redditclone/pkg/handlers/handlers.go:157.2,158.18 2 1
redditclone/pkg/handlers/handlers.go:153.16,156.3 2 1
redditclone/pkg/handlers/handlers.go:161.66,166.16 5 1
redditclone/pkg/handlers/handlers.go:170.2,171.18 2 1
redditclone/pkg/handlers/handlers.go:166.16,169.3 2 0
redditclone/pkg/handlers/handlers.go:174.69,178.16 4 1
redditclone/pkg/handlers/handlers.go:182.2,184.16 3 1
redditclone/pkg/handlers/handlers.go:188.2,189.18 2 1
redditclone/pkg/handlers/handlers.go:178.16,181.3 2 1
redditclone/pkg/handlers/handlers.go:184.16,187.3 2 0
redditclone/pkg/handlers/handlers.go:192.65,196.16 4 1
redditclone/pkg/handlers/handlers.go:200.2,201.46 2 1
redditclone/pkg/handlers/handlers.go:196.16,199.3 2 1
redditclone/pkg/handlers/handlers.go:204.68,206.9 2 1
redditclone/pkg/handlers/handlers.go:210.2,213.16 4 1
redditclone/pkg/handlers/handlers.go:218.2,219.16 2 1
redditclone/pkg/handlers/handlers.go:223.2,224.18 2 1
redditclone/pkg/handlers/handlers.go:206.9,209.3 2 1
redditclone/pkg/handlers/handlers.go:213.16,216.3 2 1
redditclone/pkg/handlers/handlers.go:219.16,222.3 2 1
redditclone/pkg/handlers/handlers.go:227.68,232.16 5 1
redditclone/pkg/handlers/handlers.go:236.2,237.16 2 1
redditclone/pkg/handlers/handlers.go:241.2,242.18 2 1
redditclone/pkg/handlers/handlers.go:232.16,235.3 2 1
redditclone/pkg/handlers/handlers.go:237.16,240.3 2 1
redditclone/pkg/handlers/handlers.go:245.63,247.9 2 1
redditclone/pkg/handlers/handlers.go:251.2,254.22 4 1
redditclone/pkg/handlers/handlers.go:262.2,262.16 1 1
redditclone/pkg/handlers/handlers.go:266.2,267.16 2 1
redditclone/pkg/handlers/handlers.go:271.2,272.18 2 1
redditclone/pkg/handlers/handlers.go:247.9,250.3 2 1
redditclone/pkg/handlers/handlers.go:255.16,256.40 1 1
redditclone/pkg/handlers/handlers.go:257.18,258.41 1 1
redditclone/pkg/handlers/handlers.go:259.16,260.40 1 1
redditclone/pkg/handlers/handlers.go:262.16,265.3 2 1
redditclone/pkg/handlers/handlers.go:267.16,270.3 2 1
