mode: set
redditclone/pkg/session/jwt.go:17.49,18.66 1 0
redditclone/pkg/session/jwt.go:25.2,26.30 2 0
redditclone/pkg/session/jwt.go:30.2,31.9 2 0
redditclone/pkg/session/jwt.go:34.2,35.27 2 0
redditclone/pkg/session/jwt.go:18.66,20.37 2 0
redditclone/pkg/session/jwt.go:23.3,23.26 1 0
redditclone/pkg/session/jwt.go:20.37,22.4 1 0
redditclone/pkg/session/jwt.go:26.30,28.3 1 0
redditclone/pkg/session/jwt.go:31.9,33.3 1 0
redditclone/pkg/session/jwt.go:36.30,38.17 2 0
redditclone/pkg/session/jwt.go:41.3,44.9 1 0
redditclone/pkg/session/jwt.go:45.10,46.94 1 0
redditclone/pkg/session/jwt.go:38.17,40.4 1 0
redditclone/pkg/session/jwt.go:50.75,52.24 2 0
redditclone/pkg/session/jwt.go:64.2,64.17 1 0
redditclone/pkg/session/jwt.go:52.24,54.11 2 0
redditclone/pkg/session/jwt.go:57.3,57.30 1 0
redditclone/pkg/session/jwt.go:54.11,56.4 1 0
redditclone/pkg/session/jwt.go:58.15,59.16 1 0
redditclone/pkg/session/jwt.go:60.11,61.41 1 0
redditclone/pkg/session/jwt.go:67.54,79.16 4 1
redditclone/pkg/session/jwt.go:82.2,82.25 1 1
redditclone/pkg/session/jwt.go:79.16,81.3 1 0
redditclone/pkg/session/sessionManaher.go:29.33,35.16 5 0
redditclone/pkg/session/sessionManaher.go:39.2,42.16 3 0
redditclone/pkg/session/sessionManaher.go:45.2,46.12 2 0
redditclone/pkg/session/sessionManaher.go:35.16,37.3 1 0
redditclone/pkg/session/sessionManaher.go:42.16,44.3 1 0
redditclone/pkg/session/sessionManaher.go:49.30,51.2 1 0
redditclone/pkg/session/sessionManaher.go:53.75,56.16 3 1
redditclone/pkg/session/sessionManaher.go:60.2,62.34 3 1
redditclone/pkg/session/sessionManaher.go:66.2,66.44 1 1
redditclone/pkg/session/sessionManaher.go:79.2,84.16 2 1
redditclone/pkg/session/sessionManaher.go:88.2,89.16 2 1
redditclone/pkg/session/sessionManaher.go:93.2,97.8 1 1
redditclone/pkg/session/sessionManaher.go:56.16,58.3 1 1
redditclone/pkg/session/sessionManaher.go:62.34,64.3 1 1
redditclone/pkg/session/sessionManaher.go:66.44,77.3 1 1
redditclone/pkg/session/sessionManaher.go:84.16,86.3 1 1
redditclone/pkg/session/sessionManaher.go:89.16,91.3 1 1
redditclone/pkg/session/sessionManaher.go:100.69,106.16 4 1
redditclone/pkg/session/sessionManaher.go:109.2,110.17 2 1
redditclone/pkg/session/sessionManaher.go:106.16,108.3 1 1
redditclone/pkg/session/sessionManaher.go:113.57,118.16 3 1
redditclone/pkg/session/sessionManaher.go:121.2,121.60 1 1
redditclone/pkg/session/sessionManaher.go:131.2,131.18 1 1
redditclone/pkg/session/sessionManaher.go:118.16,120.3 1 1
redditclone/pkg/session/sessionManaher.go:121.60,126.17 2 1
redditclone/pkg/session/sessionManaher.go:129.3,129.20 1 1
redditclone/pkg/session/sessionManaher.go:126.17,128.4 1 1
redditclone/pkg/session/sessionManaher.go:134.70,141.16 3 1
redditclone/pkg/session/sessionManaher.go:145.2,150.16 2 1
redditclone/pkg/session/sessionManaher.go:153.2,153.19 1 1
redditclone/pkg/session/sessionManaher.go:141.16,143.3 1 0
redditclone/pkg/session/sessionManaher.go:150.16,152.3 1 1
